2013-11-09 14:56:43.068 HelloWorld[15073:19103] Multi-tasking -> Device: YES, App: YES
2013-11-09 14:56:43.258 HelloWorld[15073:19103] Resetting plugins due to page load.
2013-11-09 14:56:43.675 HelloWorld[15073:19103] Finished load of: file:///Users/vasconcelloslf/Library/Application%20Support/iPhone%20Simulator/6.1/Applications/657954B6-E793-428F-AB17-2B56C107EBC3/HelloWorld.app/www/index.html
Terminating in response to SpringBoard's termination.
2013-11-09 15:00:17.979 HelloWorld[15483:19103] Multi-tasking -> Device: YES, App: YES
2013-11-09 15:00:18.562 HelloWorld[15483:19103] Resetting plugins due to page load.
2013-11-09 15:00:19.185 HelloWorld[15483:19103] Finished load of: file:///Users/vasconcelloslf/Library/Application%20Support/iPhone%20Simulator/6.1/Applications/687DE31F-8281-4A7D-B5CE-8BF53EDADAC3/HelloWorld.app/www/index.html
2013-11-09 15:00:23.311 HelloWorld[15483:19103] THREAD WARNING: ['Notification'] took '151.372803' ms. Plugin should use a background thread.
2013-11-09 15:02:01.322 HelloWorld[15833:19103] Multi-tasking -> Device: YES, App: YES
2013-11-09 15:02:01.622 HelloWorld[15833:19103] Resetting plugins due to page load.
2013-11-09 15:02:01.758 HelloWorld[15833:19103] Finished load of: file:///Users/vasconcelloslf/Library/Application%20Support/iPhone%20Simulator/6.1/Applications/687DE31F-8281-4A7D-B5CE-8BF53EDADAC3/HelloWorld.app/www/index.html
2013-11-09 15:02:05.547 HelloWorld[15833:19103] THREAD WARNING: ['Notification'] took '171.981934' ms. Plugin should use a background thread.
2013-11-09 15:16:06.363 HelloWorld[16522:19103] Multi-tasking -> Device: YES, App: YES
2013-11-09 15:16:06.497 HelloWorld[16522:19103] Resetting plugins due to page load.
2013-11-09 15:16:06.651 HelloWorld[16522:19103] Finished load of: file:///Users/vasconcelloslf/Library/Application%20Support/iPhone%20Simulator/6.1/Applications/687DE31F-8281-4A7D-B5CE-8BF53EDADAC3/HelloWorld.app/www/index.html
Terminating in response to SpringBoard's termination.
2013-11-09 15:17:43.686 HelloWorld[16916:19103] Multi-tasking -> Device: YES, App: YES
2013-11-09 15:17:43.765 HelloWorld[16916:19103] Resetting plugins due to page load.
2013-11-09 15:17:43.825 HelloWorld[16916:19103] Finished load of: file:///Users/vasconcelloslf/Library/Application%20Support/iPhone%20Simulator/6.1/Applications/687DE31F-8281-4A7D-B5CE-8BF53EDADAC3/HelloWorld.app/www/index.html
Terminating in response to SpringBoard's termination.
2013-11-09 15:25:53.091 HelloWorld[17386:19103] Multi-tasking -> Device: YES, App: YES
2013-11-09 15:25:53.150 HelloWorld[17386:19103] Resetting plugins due to page load.
2013-11-09 15:25:53.200 HelloWorld[17386:19103] Finished load of: file:///Users/vasconcelloslf/Library/Application%20Support/iPhone%20Simulator/6.1/Applications/687DE31F-8281-4A7D-B5CE-8BF53EDADAC3/HelloWorld.app/www/index.html
2013-11-09 15:25:53.297 HelloWorld[17386:19103] THREAD WARNING: ['Geolocation'] took '30.119141' ms. Plugin should use a background thread.
Terminating in response to SpringBoard's termination.
2013-11-09 15:27:55.819 HelloWorld[17843:19103] Multi-tasking -> Device: YES, App: YES
2013-11-09 15:27:55.849 HelloWorld[17843:19103] Resetting plugins due to page load.
2013-11-09 15:27:55.889 HelloWorld[17843:19103] Finished load of: file:///Users/vasconcelloslf/Library/Application%20Support/iPhone%20Simulator/6.1/Applications/687DE31F-8281-4A7D-B5CE-8BF53EDADAC3/HelloWorld.app/www/index.html
Terminating in response to SpringBoard's termination.
2013-11-09 15:29:53.091 HelloWorld[18259:19103] Multi-tasking -> Device: YES, App: YES
2013-11-09 15:29:53.159 HelloWorld[18259:19103] Resetting plugins due to page load.
2013-11-09 15:29:53.202 HelloWorld[18259:19103] Finished load of: file:///Users/vasconcelloslf/Library/Application%20Support/iPhone%20Simulator/6.1/Applications/687DE31F-8281-4A7D-B5CE-8BF53EDADAC3/HelloWorld.app/www/index.html
2013-11-09 15:40:10.719 HelloWorld[18649:19103] Multi-tasking -> Device: YES, App: YES
2013-11-09 15:40:10.848 HelloWorld[18649:19103] Resetting plugins due to page load.
2013-11-09 15:40:11.414 HelloWorld[18649:19103] Finished load of: file:///Users/vasconcelloslf/Library/Application%20Support/iPhone%20Simulator/6.1/Applications/687DE31F-8281-4A7D-B5CE-8BF53EDADAC3/HelloWorld.app/www/index.html
2013-11-09 15:40:18.105 HelloWorld[18649:19103] THREAD WARNING: ['Notification'] took '1546.188965' ms. Plugin should use a background thread.
Terminating in response to SpringBoard's termination.
2013-11-09 15:58:45.812 HelloWorld[19269:19103] Multi-tasking -> Device: YES, App: YES
2013-11-09 15:58:45.915 HelloWorld[19269:19103] Resetting plugins due to page load.
2013-11-09 15:58:45.957 HelloWorld[19269:19103] Finished load of: file:///Users/vasconcelloslf/Library/Application%20Support/iPhone%20Simulator/6.1/Applications/687DE31F-8281-4A7D-B5CE-8BF53EDADAC3/HelloWorld.app/www/index.html
2013-11-09 15:58:54.520 HelloWorld[19269:19103] THREAD WARNING: ['Notification'] took '15.003906' ms. Plugin should use a background thread.
Terminating in response to SpringBoard's termination.
2013-11-09 16:13:16.772 HelloWorld[19700:19103] Multi-tasking -> Device: YES, App: YES
2013-11-09 16:13:17.006 HelloWorld[19700:19103] Resetting plugins due to page load.
2013-11-09 16:13:17.406 HelloWorld[19700:19103] Finished load of: file:///Users/vasconcelloslf/Library/Application%20Support/iPhone%20Simulator/6.1/Applications/687DE31F-8281-4A7D-B5CE-8BF53EDADAC3/HelloWorld.app/www/index.html
Terminating in response to SpringBoard's termination.
2013-11-09 16:19:06.951 HelloWorld[20294:19103] Multi-tasking -> Device: YES, App: YES
2013-11-09 16:19:07.079 HelloWorld[20294:19103] Resetting plugins due to page load.
2013-11-09 16:19:07.293 HelloWorld[20294:19103] Finished load of: file:///Users/vasconcelloslf/Library/Application%20Support/iPhone%20Simulator/6.1/Applications/687DE31F-8281-4A7D-B5CE-8BF53EDADAC3/HelloWorld.app/www/index.html
Terminating in response to SpringBoard's termination.
2013-11-09 16:21:18.389 HelloWorld[20764:19103] Multi-tasking -> Device: YES, App: YES
2013-11-09 16:21:18.570 HelloWorld[20764:19103] Resetting plugins due to page load.
2013-11-09 16:21:19.144 HelloWorld[20764:19103] Finished load of: file:///Users/vasconcelloslf/Library/Application%20Support/iPhone%20Simulator/6.1/Applications/687DE31F-8281-4A7D-B5CE-8BF53EDADAC3/HelloWorld.app/www/index.html
Terminating in response to SpringBoard's termination.
2013-11-09 16:26:03.298 HelloWorld[21213:19103] Multi-tasking -> Device: YES, App: YES
2013-11-09 16:26:03.346 HelloWorld[21213:19103] Resetting plugins due to page load.
2013-11-09 16:26:03.386 HelloWorld[21213:19103] Finished load of: file:///Users/vasconcelloslf/Library/Application%20Support/iPhone%20Simulator/6.1/Applications/687DE31F-8281-4A7D-B5CE-8BF53EDADAC3/HelloWorld.app/www/index.html
